<?xml version="1.0" encoding="UTF-8"?>
<!-- Generated by org.testng.reporters.JUnitXMLReporter -->
<testsuite hostname="WIN-486QJSS660G" name="Command line test cbe8c910-34fd-4cf2-a863-b42a801f06b7" tests="1" failures="0" timestamp="8 Oct 2018 12:35:23 GMT" time="0.014" errors="0">
  <testcase name="@BeforeMethod beforeMethod" time="0.0" classname="org.tedu.MavenPro1.TestNG2">
    <failure type="org.testng.TestNGException" message="
Parameter &amp;apos;browser&amp;apos; is required by @Configuration on method beforeMethod but has not been marked @Optional or defined
">
      <![CDATA[org.testng.TestNGException: 
Parameter 'browser' is required by @Configuration on method beforeMethod but has not been marked @Optional or defined

... Removed 27 stack frames]]>
    </failure>
  </testcase> <!-- @BeforeMethod beforeMethod -->
  <testcase name="@AfterMethod afterMethod" time="0.0" classname="org.tedu.MavenPro1.TestNG2">
    <skipped/>
  </testcase> <!-- @AfterMethod afterMethod -->
  <testcase name="testa" time="0.006" classname="org.tedu.MavenPro1.TestNG2">
    <skipped/>
  </testcase> <!-- testa -->
</testsuite> <!-- Command line test cbe8c910-34fd-4cf2-a863-b42a801f06b7 -->
